    3.8935 MB /   1.00 sec =   32.6595 Mbps   129 / 127710 ~drop/pkt  0.10 ~%loss
    3.8924 MB /   1.00 sec =   32.6526 Mbps    10 / 127556 ~drop/pkt 0.00784 ~%loss
    3.8917 MB /   1.00 sec =   32.6456 Mbps    29 / 127551 ~drop/pkt 0.02274 ~%loss
    3.8921 MB /   1.00 sec =   32.6490 Mbps     0 / 127535 ~drop/pkt  0.00 ~%loss
    3.8922 MB /   1.00 sec =   32.6502 Mbps     3 / 127543 ~drop/pkt 0.00235 ~%loss
    3.8924 MB /   1.00 sec =   32.6520 Mbps     0 / 127547 ~drop/pkt  0.00 ~%loss
    3.8926 MB /   1.00 sec =   32.6538 Mbps     0 / 127554 ~drop/pkt  0.00 ~%loss
    3.8919 MB /   1.00 sec =   32.6474 Mbps    10 / 127539 ~drop/pkt 0.00784 ~%loss
    3.8924 MB /   1.00 sec =   32.6518 Mbps     0 / 127546 ~drop/pkt  0.00 ~%loss
    3.8921 MB /   1.00 sec =   32.6496 Mbps     0 / 127537 ~drop/pkt  0.00 ~%loss
    3.8917 MB /   1.00 sec =   32.6444 Mbps    22 / 127545 ~drop/pkt 0.01725 ~%loss
    3.8927 MB /   1.00 sec =   32.6561 Mbps     7 / 127564 ~drop/pkt 0.00549 ~%loss
    3.8922 MB /   1.00 sec =   32.6496 Mbps     0 / 127538 ~drop/pkt  0.00 ~%loss
    3.8916 MB /   1.00 sec =   32.6455 Mbps    17 / 127538 ~drop/pkt 0.01333 ~%loss
    3.8925 MB /   1.00 sec =   32.6511 Mbps     0 / 127551 ~drop/pkt  0.00 ~%loss
    3.8911 MB /   1.00 sec =   32.6413 Mbps    44 / 127549 ~drop/pkt 0.03450 ~%loss
    3.8927 MB /   1.00 sec =   32.6564 Mbps     0 / 127557 ~drop/pkt  0.00 ~%loss
    3.8905 MB /   1.00 sec =   32.6358 Mbps    56 / 127539 ~drop/pkt 0.04391 ~%loss
    3.8925 MB /   1.00 sec =   32.6523 Mbps     0 / 127548 ~drop/pkt  0.00 ~%loss
    3.8908 MB /   1.00 sec =   32.6365 Mbps    47 / 127540 ~drop/pkt 0.03685 ~%loss
    3.8922 MB /   1.00 sec =   32.6519 Mbps     0 / 127540 ~drop/pkt  0.00 ~%loss
    3.8918 MB /   1.00 sec =   32.6466 Mbps    42 / 127568 ~drop/pkt 0.03292 ~%loss
    3.8924 MB /   1.00 sec =   32.6519 Mbps     0 / 127546 ~drop/pkt  0.00 ~%loss
    3.8900 MB /   1.00 sec =   32.6293 Mbps    68 / 127534 ~drop/pkt 0.05332 ~%loss
    3.8925 MB /   1.00 sec =   32.6544 Mbps     0 / 127549 ~drop/pkt  0.00 ~%loss
    3.8928 MB /   1.00 sec =   32.6551 Mbps     0 / 127559 ~drop/pkt  0.00 ~%loss
    3.8922 MB /   1.00 sec =   32.6499 Mbps     0 / 127538 ~drop/pkt  0.00 ~%loss
    3.8924 MB /   1.00 sec =   32.6515 Mbps     0 / 127545 ~drop/pkt  0.00 ~%loss
    3.8920 MB /   1.00 sec =   32.6481 Mbps     0 / 127532 ~drop/pkt  0.00 ~%loss
    3.8928 MB /   1.00 sec =   32.6553 Mbps     0 / 127559 ~drop/pkt  0.00 ~%loss
    3.8901 MB /   1.00 sec =   32.6326 Mbps    77 / 127549 ~drop/pkt 0.06037 ~%loss
    3.8926 MB /   1.00 sec =   32.6533 Mbps     0 / 127552 ~drop/pkt  0.00 ~%loss
    3.8924 MB /   1.00 sec =   32.6518 Mbps     0 / 127546 ~drop/pkt  0.00 ~%loss
    3.8903 MB /   1.00 sec =   32.6343 Mbps    63 / 127540 ~drop/pkt 0.04940 ~%loss
    3.8928 MB /   1.00 sec =   32.6547 Mbps     0 / 127558 ~drop/pkt  0.00 ~%loss
    3.8922 MB /   1.00 sec =   32.6502 Mbps     0 / 127540 ~drop/pkt  0.00 ~%loss
    3.8922 MB /   1.00 sec =   32.6492 Mbps     0 / 127540 ~drop/pkt  0.00 ~%loss
    3.8920 MB /   1.00 sec =   32.6492 Mbps    29 / 127561 ~drop/pkt 0.02273 ~%loss
    3.8922 MB /   1.00 sec =   32.6502 Mbps     0 / 127540 ~drop/pkt  0.00 ~%loss
    3.8917 MB /   1.00 sec =   32.6447 Mbps    20 / 127542 ~drop/pkt 0.01568 ~%loss
    3.8928 MB /   1.00 sec =   32.6561 Mbps     0 / 127559 ~drop/pkt  0.00 ~%loss
    3.8912 MB /   1.00 sec =   32.6420 Mbps    32 / 127540 ~drop/pkt 0.02509 ~%loss
    3.8923 MB /   1.00 sec =   32.6502 Mbps     0 / 127542 ~drop/pkt  0.00 ~%loss
    3.8929 MB /   1.00 sec =   32.6564 Mbps     0 / 127562 ~drop/pkt  0.00 ~%loss
    3.8917 MB /   1.00 sec =   32.6454 Mbps     0 / 127524 ~drop/pkt  0.00 ~%loss
    3.8925 MB /   1.00 sec =   32.6525 Mbps     0 / 127548 ~drop/pkt  0.00 ~%loss
    3.8929 MB /   1.00 sec =   32.6564 Mbps     0 / 127562 ~drop/pkt  0.00 ~%loss
    3.8903 MB /   1.00 sec =   32.6345 Mbps    76 / 127554 ~drop/pkt 0.05958 ~%loss
    3.8921 MB /   1.00 sec =   32.6488 Mbps     0 / 127535 ~drop/pkt  0.00 ~%loss
    3.8924 MB /   1.00 sec =   32.6515 Mbps     0 / 127545 ~drop/pkt  0.00 ~%loss
    3.8929 MB /   1.00 sec =   32.6556 Mbps     0 / 127561 ~drop/pkt  0.00 ~%loss
    3.8899 MB /   1.00 sec =   32.6292 Mbps    72 / 127536 ~drop/pkt 0.05645 ~%loss
    3.8924 MB /   1.00 sec =   32.6519 Mbps     0 / 127545 ~drop/pkt  0.00 ~%loss
    3.8913 MB /   1.00 sec =   32.6436 Mbps    41 / 127550 ~drop/pkt 0.03214 ~%loss
    3.8925 MB /   1.00 sec =   32.6525 Mbps     0 / 127549 ~drop/pkt  0.00 ~%loss
    3.8914 MB /   1.00 sec =   32.6430 Mbps    27 / 127539 ~drop/pkt 0.02117 ~%loss
    3.8922 MB /   1.00 sec =   32.6502 Mbps     0 / 127539 ~drop/pkt  0.00 ~%loss
    3.8929 MB /   1.00 sec =   32.6558 Mbps     0 / 127562 ~drop/pkt  0.00 ~%loss
    3.8922 MB /   1.00 sec =   32.6501 Mbps     0 / 127540 ~drop/pkt  0.00 ~%loss

  233.5179 MB /  60.00 sec =   32.6482 Mbps 32 %TX 41 %RX 1026 / 7652940 drop/pkt 0.01340 %loss
